0 info it worked if it ends with ok
1 verbose cli [ '/usr/local/bin/node',
1 verbose cli   '/usr/local/bin/npm',
1 verbose cli   'install',
1 verbose cli   '-g',
1 verbose cli   'cordova',
1 verbose cli   'ionic' ]
2 info using npm@2.11.3
3 info using node@v0.12.7
4 verbose install initial load of /usr/local/lib/package.json
5 verbose readDependencies loading dependencies from /usr/local/lib/package.json
6 silly cache add args [ 'cordova', null ]
7 verbose cache add spec cordova
8 silly cache add args [ 'ionic', null ]
9 verbose cache add spec ionic
10 silly cache add parsed spec { raw: 'cordova',
10 silly cache add   scope: null,
10 silly cache add   name: 'cordova',
10 silly cache add   rawSpec: '',
10 silly cache add   spec: '*',
10 silly cache add   type: 'range' }
11 silly addNamed cordova@*
12 verbose addNamed "*" is a valid semver range for cordova
13 silly addNameRange { name: 'cordova', range: '*', hasData: false }
14 silly mapToRegistry name cordova
15 silly mapToRegistry using default registry
16 silly mapToRegistry registry https://registry.npmjs.org/
17 silly mapToRegistry uri https://registry.npmjs.org/cordova
18 verbose addNameRange registry:https://registry.npmjs.org/cordova not in flight; fetching
19 silly cache add parsed spec { raw: 'ionic',
19 silly cache add   scope: null,
19 silly cache add   name: 'ionic',
19 silly cache add   rawSpec: '',
19 silly cache add   spec: '*',
19 silly cache add   type: 'range' }
20 silly addNamed ionic@*
21 verbose addNamed "*" is a valid semver range for ionic
22 silly addNameRange { name: 'ionic', range: '*', hasData: false }
23 silly mapToRegistry name ionic
24 silly mapToRegistry using default registry
25 silly mapToRegistry registry https://registry.npmjs.org/
26 silly mapToRegistry uri https://registry.npmjs.org/ionic
27 verbose addNameRange registry:https://registry.npmjs.org/ionic not in flight; fetching
28 verbose request uri https://registry.npmjs.org/cordova
29 verbose request no auth needed
30 info attempt registry request try #1 at 6:02:31 PM
31 verbose request id adab8217c47afad1
32 verbose etag "567PJO9ZADGECJKWRNLFAG103"
33 http request GET https://registry.npmjs.org/cordova
34 verbose request uri https://registry.npmjs.org/ionic
35 verbose request no auth needed
36 info attempt registry request try #1 at 6:02:31 PM
37 verbose etag "DIVAGUKGV01JOFRV4XGKYUP7Y"
38 http request GET https://registry.npmjs.org/ionic
39 http 304 https://registry.npmjs.org/ionic
40 silly get cb [ 304,
40 silly get   { date: 'Sun, 13 Dec 2015 18:02:31 GMT',
40 silly get     via: '1.1 varnish',
40 silly get     'cache-control': 'max-age=300',
40 silly get     etag: '"DIVAGUKGV01JOFRV4XGKYUP7Y"',
40 silly get     age: '229',
40 silly get     connection: 'keep-alive',
40 silly get     'x-served-by': 'cache-iad2133-IAD',
40 silly get     'x-cache': 'HIT',
40 silly get     'x-cache-hits': '1',
40 silly get     'x-timer': 'S1450029751.707251,VS0,VE1',
40 silly get     vary: 'Accept' } ]
41 verbose etag https://registry.npmjs.org/ionic from cache
42 verbose get saving ionic to /home/arlene/.npm/registry.npmjs.org/ionic/.cache.json
43 silly addNameRange number 2 { name: 'ionic', range: '*', hasData: true }
44 silly addNameRange versions [ 'ionic',
44 silly addNameRange   [ '0.9.6',
44 silly addNameRange     '0.9.8',
44 silly addNameRange     '0.9.9',
44 silly addNameRange     '0.9.10',
44 silly addNameRange     '0.9.11',
44 silly addNameRange     '0.9.12',
44 silly addNameRange     '0.9.13',
44 silly addNameRange     '0.9.14',
44 silly addNameRange     '0.9.15',
44 silly addNameRange     '0.9.16',
44 silly addNameRange     '1.0.0-beta.1',
44 silly addNameRange     '1.0.0-beta',
44 silly addNameRange     '1.0.1-beta',
44 silly addNameRange     '1.0.3-beta',
44 silly addNameRange     '1.0.4',
44 silly addNameRange     '1.0.5',
44 silly addNameRange     '1.0.6',
44 silly addNameRange     '1.0.7',
44 silly addNameRange     '1.0.8',
44 silly addNameRange     '1.0.9',
44 silly addNameRange     '1.0.10',
44 silly addNameRange     '1.0.11',
44 silly addNameRange     '1.0.12',
44 silly addNameRange     '1.0.13',
44 silly addNameRange     '1.0.14',
44 silly addNameRange     '1.0.15',
44 silly addNameRange     '1.0.16',
44 silly addNameRange     '1.0.17',
44 silly addNameRange     '1.1.0-beta1',
44 silly addNameRange     '1.1.0-beta2',
44 silly addNameRange     '1.1.0-beta3',
44 silly addNameRange     '1.1.0-beta4',
44 silly addNameRange     '1.1.0-beta5',
44 silly addNameRange     '1.1.0-beta6',
44 silly addNameRange     '1.1.0',
44 silly addNameRange     '1.1.1-beta1',
44 silly addNameRange     '1.1.1-beta2',
44 silly addNameRange     '1.1.1-beta3',
44 silly addNameRange     '1.1.1',
44 silly addNameRange     '1.1.3',
44 silly addNameRange     '1.1.4',
44 silly addNameRange     '1.1.5-beta1',
44 silly addNameRange     '1.1.5-beta2',
44 silly addNameRange     '1.1.5-beta3',
44 silly addNameRange     '1.1.5-beta4',
44 silly addNameRange     '1.1.5-beta5',
44 silly addNameRange     '1.1.5',
44 silly addNameRange     '1.1.6',
44 silly addNameRange     '1.1.7-beta1',
44 silly addNameRange     '1.1.7',
44 silly addNameRange     '1.1.8-beta1',
44 silly addNameRange     '1.1.8-beta2',
44 silly addNameRange     '1.1.8-beta3',
44 silly addNameRange     '1.1.8-beta4',
44 silly addNameRange     '1.1.8-beta5',
44 silly addNameRange     '1.1.8',
44 silly addNameRange     '1.1.9-beta1',
44 silly addNameRange     '1.1.9',
44 silly addNameRange     '1.1.10',
44 silly addNameRange     '1.1.11-beta1',
44 silly addNameRange     '1.1.11-beta2',
44 silly addNameRange     '1.1.11',
44 silly addNameRange     '1.1.12-beta1',
44 silly addNameRange     '1.1.12-beta2',
44 silly addNameRange     '1.1.12-beta3',
44 silly addNameRange     '1.1.12',
44 silly addNameRange     '1.1.13',
44 silly addNameRange     '1.1.14-beta1',
44 silly addNameRange     '1.1.14-beta2',
44 silly addNameRange     '1.1.14-beta3',
44 silly addNameRange     '1.2.0-beta1',
44 silly addNameRange     '1.2.0',
44 silly addNameRange     '1.2.1-beta1',
44 silly addNameRange     '1.2.1-beta2',
44 silly addNameRange     '1.2.1-beta3',
44 silly addNameRange     '1.2.1-beta4',
44 silly addNameRange     '1.2.1',
44 silly addNameRange     '1.2.2',
44 silly addNameRange     '1.2.3-beta1',
44 silly addNameRange     '1.2.3-beta2',
44 silly addNameRange     '1.2.3-beta3',
44 silly addNameRange     '1.2.3',
44 silly addNameRange     '1.2.4-beta1',
44 silly addNameRange     '1.2.4-beta2',
44 silly addNameRange     '1.2.4-beta3',
44 silly addNameRange     '1.2.4',
44 silly addNameRange     '1.2.5-beta1',
44 silly addNameRange     '1.2.5-beta2',
44 silly addNameRange     '1.2.5-beta3',
44 silly addNameRange     '1.2.5',
44 silly addNameRange     '1.2.6-beta1',
44 silly addNameRange     '1.2.6-beta2',
44 silly addNameRange     '1.2.6-beta3',
44 silly addNameRange     '1.2.6',
44 silly addNameRange     '1.2.7',
44 silly addNameRange     '1.2.8-beta1',
44 silly addNameRange     '1.2.8-beta2',
44 silly addNameRange     '1.2.8',
44 silly addNameRange     '1.2.9',
44 silly addNameRange     '1.2.10',
44 silly addNameRange     '1.2.11',
44 silly addNameRange     '1.2.12',
44 silly addNameRange     '1.2.13',
44 silly addNameRange     '1.2.14-beta1',
44 silly addNameRange     '1.2.14-beta2',
44 silly addNameRange     '1.2.14-beta3',
44 silly addNameRange     '1.2.14-beta4',
44 silly addNameRange     '1.2.14-beta5',
44 silly addNameRange     '1.2.14-beta6',
44 silly addNameRange     '1.2.14',
44 silly addNameRange     '1.3.0-beta1',
44 silly addNameRange     '1.3.0',
44 silly addNameRange     '1.3.1',
44 silly addNameRange     '1.3.2',
44 silly addNameRange     '1.3.3',
44 silly addNameRange     '1.3.4',
44 silly addNameRange     '1.3.5',
44 silly addNameRange     '1.3.6',
44 silly addNameRange     '1.3.7',
44 silly addNameRange     '1.3.8',
44 silly addNameRange     '1.3.9',
44 silly addNameRange     '1.3.10',
44 silly addNameRange     '1.4.0-alpha.1',
44 silly addNameRange     '1.3.11',
44 silly addNameRange     '1.3.1-1.alpha.0',
44 silly addNameRange     '1.4.0-alpha.2',
44 silly addNameRange     '1.3.12',
44 silly addNameRange     '1.3.12-beta.1',
44 silly addNameRange     '1.3.12-beta.2',
44 silly addNameRange     '1.3.13-beta.0',
44 silly addNameRange     '1.3.1-3.beta.1',
44 silly addNameRange     '1.3.1-3.beta.2',
44 silly addNameRange     '1.3.13',
44 silly addNameRange     '1.3.1-3.beta.4',
44 silly addNameRange     '1.3.14-beta',
44 silly addNameRange     '1.3.14-beta.1',
44 silly addNameRange     '1.4.0-alpha.3',
44 silly addNameRange     '1.3.14',
44 silly addNameRange     '1.4.0-alpha.4',
44 silly addNameRange     '1.4.0-alpha.5',
44 silly addNameRange     '1.3.15-beta.0',
44 silly addNameRange     '1.3.15-beta.1',
44 silly addNameRange     '1.3.15-beta.2',
44 silly addNameRange     '1.3.15-beta.3',
44 silly addNameRange     '1.3.15-beta.4',
44 silly addNameRange     '1.3.15',
44 silly addNameRange     '1.3.16',
44 silly addNameRange     '1.4.0-alpha.6',
44 silly addNameRange     '1.3.17-beta.0',
44 silly addNameRange     '1.3.17-beta.1',
44 silly addNameRange     '1.3.17-beta.2',
44 silly addNameRange     '1.3.17-beta.3',
44 silly addNameRange     '1.3.1-7.beta.4',
44 silly addNameRange     '1.3.17',
44 silly addNameRange     '1.3.18-beta.0',
44 silly addNameRange     '1.3.18-beta.1',
44 silly addNameRange     '1.3.18-beta.2',
44 silly addNameRange     '1.3.18-beta.3',
44 silly addNameRange     '1.3.18',
44 silly addNameRange     '1.3.19-beta.0',
44 silly addNameRange     '1.3.19-beta.1',
44 silly addNameRange     '1.3.19-beta.2',
44 silly addNameRange     '1.3.19-beta.3',
44 silly addNameRange     '1.3.19-beta.4',
44 silly addNameRange     '1.3.19',
44 silly addNameRange     '1.3.20',
44 silly addNameRange     '1.4.1-beta.0',
44 silly addNameRange     '1.4.0-beta.1',
44 silly addNameRange     '1.4.0-beta.2',
44 silly addNameRange     '1.4.0-beta.3',
44 silly addNameRange     '1.4.0-beta.5',
44 silly addNameRange     '1.4.0-beta.6',
44 silly addNameRange     '1.4.0-beta.7',
44 silly addNameRange     '1.3.21-beta.0',
44 silly addNameRange     '1.3.21-beta.1',
44 silly addNameRange     '1.3.21',
44 silly addNameRange     '1.3.22',
44 silly addNameRange     '1.4.0-beta.8',
44 silly addNameRange     '1.4.0-beta.9',
44 silly addNameRange     '1.4.0-beta.10',
44 silly addNameRange     '1.4.0-beta.11',
44 silly addNameRange     '1.4.0-beta.12',
44 silly addNameRange     '1.4.0-beta.13',
44 silly addNameRange     '1.4.0-beta.14',
44 silly addNameRange     '1.4.0-beta.15',
44 silly addNameRange     '1.4.0-beta.16',
44 silly addNameRange     '1.4.0-beta.17',
44 silly addNameRange     '1.4.0-beta.18',
44 silly addNameRange     '1.4.0',
44 silly addNameRange     '1.4.1',
44 silly addNameRange     '1.4.2',
44 silly addNameRange     '1.4.3',
44 silly addNameRange     '1.4.4-beta.0',
44 silly addNameRange     '1.4.4-beta.2',
44 silly addNameRange     '1.4.4',
44 silly addNameRange     '1.4.5-beta.0',
44 silly addNameRange     '1.4.5-beta.1',
44 silly addNameRange     '1.4.5-beta.2',
44 silly addNameRange     '1.4.5-beta.3',
44 silly addNameRange     '1.4.5',
44 silly addNameRange     '1.4.6-beta.0',
44 silly addNameRange     '1.4.6',
44 silly addNameRange     '1.4.7',
44 silly addNameRange     '1.4.8',
44 silly addNameRange     '1.5.0-beta.0',
44 silly addNameRange     '1.5.0-beta.1',
44 silly addNameRange     '1.5.0',
44 silly addNameRange     '1.5.1-beta.0',
44 silly addNameRange     '1.5.1-beta.1',
44 silly addNameRange     '1.5.1-beta.2',
44 silly addNameRange     '1.5.1-beta.3',
44 silly addNameRange     '1.5.1-beta.4',
44 silly addNameRange     '1.5.1',
44 silly addNameRange     '1.5.2',
44 silly addNameRange     '1.5.3',
44 silly addNameRange     '1.5.4',
44 silly addNameRange     '1.5.5',
44 silly addNameRange     '1.6.0-beta.1',
44 silly addNameRange     '1.6.0',
44 silly addNameRange     '1.6.1',
44 silly addNameRange     '1.6.2-beta.0',
44 silly addNameRange     '1.6.2-beta.1',
44 silly addNameRange     '1.6.2-beta.2',
44 silly addNameRange     '1.6.2',
44 silly addNameRange     '1.6.3-beta.0',
44 silly addNameRange     '1.6.3-beta.1',
44 silly addNameRange     '1.6.3',
44 silly addNameRange     '1.6.4-beta.0',
44 silly addNameRange     '1.6.4-beta.1',
44 silly addNameRange     '1.6.4',
44 silly addNameRange     '1.7.0-beta.0',
44 silly addNameRange     '1.7.0-beta.1',
44 silly addNameRange     '1.7.0-beta.2',
44 silly addNameRange     '1.7.0-beta.3',
44 silly addNameRange     '2.0.0-alpha.1',
44 silly addNameRange     '2.0.0-alpha.3',
44 silly addNameRange     '1.7.0-beta.4',
44 silly addNameRange     '1.6.5-testing.0',
44 silly addNameRange     '1.6.5-testing.1',
44 silly addNameRange     '1.6.5-testing.2',
44 silly addNameRange     '1.6.5-testing.3',
44 silly addNameRange     '1.6.5',
44 silly addNameRange     '2.0.0-alpha.4',
44 silly addNameRange     '1.7.0-beta.5',
44 silly addNameRange     '1.7.0-beta.6',
44 silly addNameRange     '1.7.0',
44 silly addNameRange     '2.0.0-alpha.5',
44 silly addNameRange     '2.0.0-alpha.6',
44 silly addNameRange     '1.7.1',
44 silly addNameRange     '2.0.0-alpha.7',
44 silly addNameRange     '2.0.0-alpha.8',
44 silly addNameRange     '1.7.2',
44 silly addNameRange     '1.7.3',
44 silly addNameRange     '1.7.4',
44 silly addNameRange     '1.7.5',
44 silly addNameRange     '1.7.6',
44 silly addNameRange     '1.7.7-beta.0',
44 silly addNameRange     '2.0.0-alpha.9',
44 silly addNameRange     '1.7.7',
44 silly addNameRange     '2.0.0-alpha.10',
44 silly addNameRange     '2.0.0-alpha.11',
44 silly addNameRange     '2.0.0-alpha.12',
44 silly addNameRange     '2.0.0-alpha.13',
44 silly addNameRange     '2.0.0-alpha.14',
44 silly addNameRange     '2.0.0-alpha.15',
44 silly addNameRange     '2.0.0-alpha.16',
44 silly addNameRange     '2.0.0-alpha.17',
44 silly addNameRange     '2.0.0-alpha.18',
44 silly addNameRange     '1.7.8-beta.0',
44 silly addNameRange     '1.7.8-beta.1',
44 silly addNameRange     '1.7.8-beta.2',
44 silly addNameRange     '1.7.8-beta.3',
44 silly addNameRange     '1.7.8',
44 silly addNameRange     '2.0.0-alpha.19',
44 silly addNameRange     '2.0.0-alpha.20',
44 silly addNameRange     '2.0.0-alpha.21',
44 silly addNameRange     '2.0.0-alpha.22',
44 silly addNameRange     '2.0.0-alpha.23',
44 silly addNameRange     '1.7.9',
44 silly addNameRange     '1.7.10',
44 silly addNameRange     '2.0.0-alpha.24',
44 silly addNameRange     '2.0.0-alpha.25',
44 silly addNameRange     '2.0.0-beta.1',
44 silly addNameRange     '1.7.11',
44 silly addNameRange     '2.0.0-beta.2',
44 silly addNameRange     '2.0.0-beta.3',
44 silly addNameRange     '2.0.0-beta.4',
44 silly addNameRange     '2.0.0-beta.5',
44 silly addNameRange     '2.0.0-beta.6',
44 silly addNameRange     '2.0.0-beta.7',
44 silly addNameRange     '2.0.0-beta.8',
44 silly addNameRange     '2.0.0-beta.9',
44 silly addNameRange     '2.0.0-beta.10',
44 silly addNameRange     '2.0.0-beta.11' ] ]
45 silly addNamed ionic@1.7.11
46 verbose addNamed "1.7.11" is a plain semver version for ionic
47 silly cache afterAdd ionic@1.7.11
48 verbose afterAdd /home/arlene/.npm/ionic/1.7.11/package/package.json not in flight; writing
49 verbose afterAdd /home/arlene/.npm/ionic/1.7.11/package/package.json written
50 http 304 https://registry.npmjs.org/cordova
51 silly get cb [ 304,
51 silly get   { date: 'Sun, 13 Dec 2015 18:02:31 GMT',
51 silly get     via: '1.1 varnish',
51 silly get     'cache-control': 'max-age=300',
51 silly get     etag: '"567PJO9ZADGECJKWRNLFAG103"',
51 silly get     age: '0',
51 silly get     connection: 'keep-alive',
51 silly get     'x-served-by': 'cache-iad2131-IAD',
51 silly get     'x-cache': 'HIT',
51 silly get     'x-cache-hits': '1',
51 silly get     'x-timer': 'S1450029751.717153,VS0,VE344',
51 silly get     vary: 'Accept' } ]
52 verbose etag https://registry.npmjs.org/cordova from cache
53 verbose get saving cordova to /home/arlene/.npm/registry.npmjs.org/cordova/.cache.json
54 silly addNameRange number 2 { name: 'cordova', range: '*', hasData: true }
55 silly addNameRange versions [ 'cordova',
55 silly addNameRange   [ '0.0.1',
55 silly addNameRange     '0.0.2',
55 silly addNameRange     '0.0.3',
55 silly addNameRange     '0.0.4',
55 silly addNameRange     '0.0.5',
55 silly addNameRange     '0.0.6',
55 silly addNameRange     '0.0.7',
55 silly addNameRange     '0.0.8',
55 silly addNameRange     '0.0.9',
55 silly addNameRange     '0.1.0',
55 silly addNameRange     '0.1.1',
55 silly addNameRange     '0.1.2',
55 silly addNameRange     '0.1.3',
55 silly addNameRange     '0.1.4',
55 silly addNameRange     '0.1.5',
55 silly addNameRange     '0.1.6',
55 silly addNameRange     '0.1.7',
55 silly addNameRange     '0.1.8',
55 silly addNameRange     '0.1.9',
55 silly addNameRange     '0.1.10',
55 silly addNameRange     '0.1.11',
55 silly addNameRange     '0.1.12',
55 silly addNameRange     '0.1.13',
55 silly addNameRange     '0.1.14',
55 silly addNameRange     '2.2.0',
55 silly addNameRange     '2.3.0',
55 silly addNameRange     '2.3.1',
55 silly addNameRange     '2.3.2',
55 silly addNameRange     '2.3.3',
55 silly addNameRange     '2.3.5',
55 silly addNameRange     '2.3.6',
55 silly addNameRange     '2.4.0',
55 silly addNameRange     '2.4.1',
55 silly addNameRange     '2.4.2',
55 silly addNameRange     '2.4.3',
55 silly addNameRange     '2.4.4',
55 silly addNameRange     '2.4.5',
55 silly addNameRange     '2.4.6',
55 silly addNameRange     '2.4.7',
55 silly addNameRange     '2.4.8',
55 silly addNameRange     '2.4.9',
55 silly addNameRange     '2.4.10',
55 silly addNameRange     '2.5.0',
55 silly addNameRange     '2.5.2',
55 silly addNameRange     '2.5.3',
55 silly addNameRange     '2.5.4',
55 silly addNameRange     '2.5.5',
55 silly addNameRange     '2.6.0',
55 silly addNameRange     '2.6.1',
55 silly addNameRange     '2.6.2',
55 silly addNameRange     '2.7.0-rc.1',
55 silly addNameRange     '2.7.1-rc.1',
55 silly addNameRange     '2.7.2',
55 silly addNameRange     '2.7.3',
55 silly addNameRange     '2.7.4',
55 silly addNameRange     '2.8.0',
55 silly addNameRange     '2.8.1',
55 silly addNameRange     '2.8.2',
55 silly addNameRange     '2.8.3',
55 silly addNameRange     '2.8.4',
55 silly addNameRange     '2.8.5',
55 silly addNameRange     '2.8.6',
55 silly addNameRange     '2.8.7',
55 silly addNameRange     '2.8.8',
55 silly addNameRange     '2.8.9',
55 silly addNameRange     '2.8.10',
55 silly addNameRange     '2.8.11',
55 silly addNameRange     '2.8.12',
55 silly addNameRange     '2.8.13',
55 silly addNameRange     '2.8.14',
55 silly addNameRange     '2.8.15',
55 silly addNameRange     '2.8.16',
55 silly addNameRange     '2.8.17',
55 silly addNameRange     '2.8.18',
55 silly addNameRange     '2.8.19',
55 silly addNameRange     '2.8.20',
55 silly addNameRange     '2.8.21',
55 silly addNameRange     '2.8.22',
55 silly addNameRange     '2.8.23',
55 silly addNameRange     '2.8.24',
55 silly addNameRange     '2.8.25',
55 silly addNameRange     '2.9.0',
55 silly addNameRange     '2.9.1',
55 silly addNameRange     '2.9.2',
55 silly addNameRange     '2.9.3',
55 silly addNameRange     '2.9.4',
55 silly addNameRange     '2.9.5',
55 silly addNameRange     '2.9.6',
55 silly addNameRange     '2.9.7',
55 silly addNameRange     '3.0.0-rc1',
55 silly addNameRange     '3.0.0-rc1-1',
55 silly addNameRange     '3.0.0-rc1-3',
55 silly addNameRange     '3.0.0',
55 silly addNameRange     '3.0.1',
55 silly addNameRange     '3.0.2',
55 silly addNameRange     '3.0.3',
55 silly addNameRange     '3.0.4',
55 silly addNameRange     '3.0.5',
55 silly addNameRange     '3.0.6',
55 silly addNameRange     '3.0.7',
55 silly addNameRange     '3.0.8',
55 silly addNameRange     '3.0.9',
55 silly addNameRange     '3.0.10',
55 silly addNameRange     '3.1.0-0.1.0',
55 silly addNameRange     '3.1.0-0.2.0',
55 silly addNameRange     '3.2.0-rc.1',
55 silly addNameRange     '3.2.0-0.1.0',
55 silly addNameRange     '3.2.0-0.2.0',
55 silly addNameRange     '3.2.0-0.3.0',
55 silly addNameRange     '3.2.0-0.4.0',
55 silly addNameRange     '3.3.0-rc.1',
55 silly addNameRange     '3.3.0-0.1.1',
55 silly addNameRange     '3.3.1-0.1.2',
55 silly addNameRange     '2.9.0-rc1',
55 silly addNameRange     '3.3.1-0.3.0',
55 silly addNameRange     '3.3.1-0.3.1',
55 silly addNameRange     '3.3.1-0.4.1',
55 silly addNameRange     '3.3.1-0.4.2',
55 silly addNameRange     '3.4.0-0.1.0',
55 silly addNameRange     '3.4.0-0.1.1',
55 silly addNameRange     '3.4.0-0.1.2',
55 silly addNameRange     '3.4.0-0.1.3',
55 silly addNameRange     '0.0.0-fake',
55 silly addNameRange     '3.4.1-0.1.0',
55 silly addNameRange     '3.5.0-0.2.0',
55 silly addNameRange     '3.5.0-0.2.1',
55 silly addNameRange     '3.5.0-0.2.2',
55 silly addNameRange     '3.5.0-0.2.3',
55 silly addNameRange     '3.5.0-0.2.4',
55 silly addNameRange     '3.5.0-0.2.6',
55 silly addNameRange     '3.5.0-0.2.7',
55 silly addNameRange     '3.6.0-0.2.8',
55 silly addNameRange     '3.6.0-0.2.9',
55 silly addNameRange     '3.6.1-0.2.10',
55 silly addNameRange     '3.6.3-0.2.11',
55 silly addNameRange     '3.6.3-0.2.12',
55 silly addNameRange     '3.6.3-0.2.13',
55 silly addNameRange     '4.0.0',
55 silly addNameRange     '4.0.1',
55 silly addNameRange     '4.1.0',
55 silly addNameRange     '4.1.1',
55 silly addNameRange     '4.1.2',
55 silly addNameRange     '4.1.3-nightly.2014.10.21',
55 silly addNameRange     '4.2.0',
55 silly addNameRange     '4.3.0',
55 silly addNameRange     '5.0.0',
55 silly addNameRange     '4.3.1',
55 silly addNameRange     '5.1.1',
55 silly addNameRange     '5.2.0',
55 silly addNameRange     '5.3.1',
55 silly addNameRange     '5.3.3',
55 silly addNameRange     '5.4.0',
55 silly addNameRange     '5.4.1' ] ]
56 silly addNamed cordova@5.4.1
57 verbose addNamed "5.4.1" is a plain semver version for cordova
58 silly cache afterAdd cordova@5.4.1
59 verbose afterAdd /home/arlene/.npm/cordova/5.4.1/package/package.json not in flight; writing
60 verbose afterAdd /home/arlene/.npm/cordova/5.4.1/package/package.json written
61 silly install resolved [ { name: 'ionic',
61 silly install resolved     version: '1.7.11',
61 silly install resolved     preferGlobal: true,
61 silly install resolved     description: 'A tool for creating and developing Ionic Framework mobile apps.',
61 silly install resolved     homepage: 'http://ionicframework.com/',
61 silly install resolved     bin: { ionic: 'bin/ionic' },
61 silly install resolved     scripts:
61 silly install resolved      { bump: 'node lib/tasks/bumpversion',
61 silly install resolved        'beta-bump': 'node lib/tasks/bumpversion --level pre --identifier beta',
61 silly install resolved        'publish-release': 'node lib/tasks/bumpversion --npmPublish',
61 silly install resolved        'publish-tag': 'node lib/tasks/bumpversion --level beta --npmPublishTag',
61 silly install resolved        'full-release': 'node lib/tasks/bumpversion --npmInstall --git --npmPublish',
61 silly install resolved        test: 'npm run jasmine',
61 silly install resolved        e2e: 'jasmine-node --captureExceptions ./e2e',
61 silly install resolved        jasmine: 'jasmine-node --captureExceptions  ./spec' },
61 silly install resolved     keywords:
61 silly install resolved      [ 'ionic',
61 silly install resolved        'ionic framework',
61 silly install resolved        'ionicframework',
61 silly install resolved        'mobile',
61 silly install resolved        'app',
61 silly install resolved        'hybrid',
61 silly install resolved        'cordova',
61 silly install resolved        'phonegap' ],
61 silly install resolved     repository:
61 silly install resolved      { type: 'git',
61 silly install resolved        url: 'https://github.com/driftyco/ionic-cli.git' },
61 silly install resolved     contributors: [ [Object], [Object], [Object], [Object] ],
61 silly install resolved     license: 'MIT',
61 silly install resolved     dependencies:
61 silly install resolved      { async: '^0.9.0',
61 silly install resolved        cheerio: '^0.19.0',
61 silly install resolved        'cli-table': '^0.3.1',
61 silly install resolved        colors: '0.6.2',
61 silly install resolved        connect: '3.1.1',
61 silly install resolved        'connect-livereload': '0.5.2',
61 silly install resolved        crc: '3.2.1',
61 silly install resolved        'cross-spawn': '0.2.3',
61 silly install resolved        'event-stream': '3.0.x',
61 silly install resolved        'expand-tilde': '^1.2.0',
61 silly install resolved        finalhandler: '0.2.0',
61 silly install resolved        'form-data': '0.1.4',
61 silly install resolved        gulp: '3.8.8',
61 silly install resolved        'ionic-app-lib': '0.6.5',
61 silly install resolved        moment: '^2.10.6',
61 silly install resolved        ncp: '0.4.2',
61 silly install resolved        npm: '2.1.3',
61 silly install resolved        open: '0.0.5',
61 silly install resolved        optimist: '0.6.0',
61 silly install resolved        progress: '1.1.7',
61 silly install resolved        prompt: '0.2.12',
61 silly install resolved        'proxy-middleware': '^0.7.0',
61 silly install resolved        q: '1.0.1',
61 silly install resolved        request: '2.51.0',
61 silly install resolved        semver: '^4.2.0',
61 silly install resolved        'serve-static': '1.7.1',
61 silly install resolved        shelljs: '0.2.6',
61 silly install resolved        'tiny-lr-fork': '0.0.5',
61 silly install resolved        underscore: '~1.7.0',
61 silly install resolved        unzip: '0.1.9',
61 silly install resolved        'vinyl-fs': '0.3.7',
61 silly install resolved        xml2js: '0.4.4' },
61 silly install resolved     devDependencies: { 'jasmine-node': '^1.14.5', rewire: '^2.3.4' },
61 silly install resolved     gitHead: '4ef72d78f226d25a136269f94f583da4cbef6e83',
61 silly install resolved     bugs: { url: 'https://github.com/driftyco/ionic-cli/issues' },
61 silly install resolved     _id: 'ionic@1.7.11',
61 silly install resolved     _shasum: '599e85c03ed7383a9d95482ec4dfa4366128dc90',
61 silly install resolved     _from: 'ionic@*',
61 silly install resolved     _npmVersion: '2.14.7',
61 silly install resolved     _nodeVersion: '4.2.2',
61 silly install resolved     _npmUser: { name: 'drifty', email: 'max@drifty.com' },
61 silly install resolved     dist:
61 silly install resolved      { shasum: '599e85c03ed7383a9d95482ec4dfa4366128dc90',
61 silly install resolved        tarball: 'http://registry.npmjs.org/ionic/-/ionic-1.7.11.tgz' },
61 silly install resolved     maintainers: [ [Object], [Object], [Object], [Object], [Object] ],
61 silly install resolved     directories: {},
61 silly install resolved     _resolved: 'https://registry.npmjs.org/ionic/-/ionic-1.7.11.tgz',
61 silly install resolved     readme: 'ERROR: No README data found!' },
61 silly install resolved   { name: 'cordova',
61 silly install resolved     version: '5.4.1',
61 silly install resolved     preferGlobal: 'true',
61 silly install resolved     description: 'Cordova command line interface tool',
61 silly install resolved     main: 'cordova',
61 silly install resolved     engines: { node: '>=0.9.9' },
61 silly install resolved     engineStrict: true,
61 silly install resolved     bin: { cordova: './bin/cordova' },
61 silly install resolved     scripts:
61 silly install resolved      { test: 'node node_modules/jasmine-node/bin/jasmine-node --captureExceptions --color spec',
61 silly install resolved        cover: 'node node_modules/istanbul/lib/cli.js cover --root src --print detail node_modules/jasmine-node/bin/jasmine-node -- spec' },
61 silly install resolved     repository:
61 silly install resolved      { type: 'git',
61 silly install resolved        url: 'https://git-wip-us.apache.org/repos/asf/cordova-cli.git' },
61 silly install resolved     bugs:
61 silly install resolved      { url: 'https://issues.apache.org/jira/browse/CB',
61 silly install resolved        email: 'dev@cordova.apache.org' },
61 silly install resolved     keywords: [ 'cordova', 'client', 'cli' ],
61 silly install resolved     dependencies:
61 silly install resolved      { ansi: '^0.3.0',
61 silly install resolved        'cordova-lib': '5.4.1',
61 silly install resolved        q: '1.0.1',
61 silly install resolved        nopt: '3.0.1',
61 silly install resolved        underscore: '1.7.0',
61 silly install resolved        'update-notifier': '^0.5.0' },
61 silly install resolved     devDependencies:
61 silly install resolved      { istanbul: '^0.3.4',
61 silly install resolved        grunt: '0.4.5',
61 silly install resolved        'grunt-retire': '0.3.7',
61 silly install resolved        'jasmine-node': '1.14.5' },
61 silly install resolved     author: { name: 'Anis Kadri' },
61 silly install resolved     contributors:
61 silly install resolved      [ [Object],
61 silly install resolved        [Object],
61 silly install resolved        [Object],
61 silly install resolved        [Object],
61 silly install resolved        [Object],
61 silly install resolved        [Object],
61 silly install resolved        [Object],
61 silly install resolved        [Object],
61 silly install resolved        [Object],
61 silly install resolved        [Object],
61 silly install resolved        [Object],
61 silly install resolved        [Object],
61 silly install resolved        [Object],
61 silly install resolved        [Object],
61 silly install resolved        [Object],
61 silly install resolved        [Object],
61 silly install resolved        [Object],
61 silly install resolved        [Object],
61 silly install resolved        [Object],
61 silly install resolved        [Object],
61 silly install resolved        [Object],
61 silly install resolved        [Object],
61 silly install resolved        [Object],
61 silly install resolved        [Object] ],
61 silly install resolved     license: 'Apache version 2.0',
61 silly install resolved     _id: 'cordova@5.4.1',
61 silly install resolved     _shasum: 'bc56bc1d3c5387a7926408212dfbce59002f9d76',
61 silly install resolved     _resolved: 'https://registry.npmjs.org/cordova/-/cordova-5.4.1.tgz',
61 silly install resolved     _from: 'cordova@*',
61 silly install resolved     _npmVersion: '3.3.12',
61 silly install resolved     _nodeVersion: '5.0.0',
61 silly install resolved     _npmUser: { name: 'stevegill', email: 'stevengill97@gmail.com' },
61 silly install resolved     dist:
61 silly install resolved      { shasum: 'bc56bc1d3c5387a7926408212dfbce59002f9d76',
61 silly install resolved        tarball: 'http://registry.npmjs.org/cordova/-/cordova-5.4.1.tgz' },
61 silly install resolved     maintainers:
61 silly install resolved      [ [Object],
61 silly install resolved        [Object],
61 silly install resolved        [Object],
61 silly install resolved        [Object],
61 silly install resolved        [Object],
61 silly install resolved        [Object],
61 silly install resolved        [Object],
61 silly install resolved        [Object],
61 silly install resolved        [Object],
61 silly install resolved        [Object],
61 silly install resolved        [Object],
61 silly install resolved        [Object],
61 silly install resolved        [Object],
61 silly install resolved        [Object],
61 silly install resolved        [Object],
61 silly install resolved        [Object],
61 silly install resolved        [Object],
61 silly install resolved        [Object] ],
61 silly install resolved     directories: {},
61 silly install resolved     readme: 'ERROR: No README data found!' } ]
62 info install ionic@1.7.11 into /usr/local/lib
63 info install cordova@5.4.1 into /usr/local/lib
64 info installOne ionic@1.7.11
65 verbose installOne of ionic to /usr/local/lib not in flight; installing
66 info installOne cordova@5.4.1
67 verbose installOne of cordova to /usr/local/lib not in flight; installing
68 warn locking Error: EACCES, open '/home/arlene/.npm/_locks/ionic-61c0cd50dc7a1457.lock'
68 warn locking     at Error (native)
68 warn locking  /home/arlene/.npm/_locks/ionic-61c0cd50dc7a1457.lock failed { [Error: EACCES, open '/home/arlene/.npm/_locks/ionic-61c0cd50dc7a1457.lock']
68 warn locking   errno: -13,
68 warn locking   code: 'EACCES',
68 warn locking   path: '/home/arlene/.npm/_locks/ionic-61c0cd50dc7a1457.lock' }
69 verbose stack Error: Attempt to unlock /usr/local/lib/node_modules/ionic, which hasn't been locked
69 verbose stack     at unlock (/usr/local/lib/node_modules/npm/lib/utils/locker.js:66:11)
69 verbose stack     at cb (/usr/local/lib/node_modules/npm/lib/install.js:1017:5)
69 verbose stack     at /usr/local/lib/node_modules/npm/lib/install.js:1021:20
69 verbose stack     at /usr/local/lib/node_modules/npm/lib/utils/locker.js:40:9
69 verbose stack     at cb (/usr/local/lib/node_modules/npm/node_modules/lockfile/lockfile.js:149:38)
69 verbose stack     at /usr/local/lib/node_modules/npm/node_modules/lockfile/lockfile.js:177:38
69 verbose stack     at FSReqWrap.oncomplete (fs.js:95:15)
70 verbose cwd /home/arlene/Videoclub
71 error Linux 3.13.0-29-generic
72 error argv "/usr/local/bin/node" "/usr/local/bin/npm" "install" "-g" "cordova" "ionic"
73 error node v0.12.7
74 error npm  v2.11.3
75 error Attempt to unlock /usr/local/lib/node_modules/ionic, which hasn't been locked
76 error If you need help, you may report this error at:
76 error     <https://github.com/npm/npm/issues>
77 verbose exit [ 1, true ]
